<?xml version="1.0" encoding="UTF-8"?>
<!-- Generated by org.testng.reporters.JUnitReportReporter -->
<testsuite hostname="MANSOOR" failures="0" tests="1" name="CHECKING.TESTING.DemoChecker1" time="70.292" errors="0" timestamp="2 Jul 2020 07:09:51 GMT">
  <testcase classname="CHECKING.TESTING.DemoChecker1" name="url" time="70.292"/>
</testsuite> <!-- CHECKING.TESTING.DemoChecker1 -->
